<?xml version="1.0" encoding="UTF-8"?>
<!-- Generated by org.testng.reporters.JUnitReportReporter -->
<testsuite hostname="IBM-8CW22F3" failures="0" tests="10" name="restTests.restAssuredAssignment" time="18.212" errors="0" timestamp="2022-05-24T16:52:25 IST" skipped="0">
  <testcase classname="restTests.restAssuredAssignment" name="createUser" time="3.461"/>
  <system-out/>
  <testcase classname="restTests.restAssuredAssignment" name="createUserWithJsonFile" time="1.534"/>
  <system-out/>
  <testcase classname="restTests.restAssuredAssignment" name="getUser" time="1.660"/>
  <system-out/>
  <testcase classname="restTests.restAssuredAssignment" name="modifyUser" time="1.738"/>
  <system-out/>
  <testcase classname="restTests.restAssuredAssignment" name="modifyUserWithJsonFile" time="1.600"/>
  <system-out/>
  <testcase classname="restTests.restAssuredAssignment" name="deleteUser" time="1.776"/>
  <system-out/>
  <testcase classname="restTests.restAssuredAssignment" name="getNonExistingUser" time="1.532"/>
  <system-out/>
  <testcase classname="restTests.restAssuredAssignment" name="modifyUserWrongRequest" time="1.614"/>
  <system-out/>
  <testcase classname="restTests.restAssuredAssignment" name="createUserWrongRequest" time="1.662"/>
  <system-out/>
  <testcase classname="restTests.restAssuredAssignment" name="deleteUserWrongRequest" time="1.635"/>
  <system-out/>
</testsuite> <!-- restTests.restAssuredAssignment -->
