<?xml version="1.0" encoding="UTF-8"?>
<!-- Generated by org.testng.reporters.JUnitReportReporter -->
<testsuite hostname="IBM-8CW22F3" failures="0" tests="4" name="RestAssured_FSTTest.RestAssuredFST1.AppTest" time="1.400" errors="0" timestamp="2022-05-16T09:38:51 IST" skipped="3">
  <testcase classname="RestAssured_FSTTest.RestAssuredFST1.AppTest" name="postJosnFileWithBody" time="1.400"/>
  <system-out/>
  <testcase classname="RestAssured_FSTTest.RestAssuredFST1.AppTest" name="postCaseDiff">
    <skipped/>
  </testcase> <!-- postCaseDiff -->
  <system-out/>
  <testcase classname="RestAssured_FSTTest.RestAssuredFST1.AppTest" name="postCase">
    <skipped/>
  </testcase> <!-- postCase -->
  <system-out/>
  <testcase classname="RestAssured_FSTTest.RestAssuredFST1.AppTest" name="gerkinCase">
    <skipped/>
  </testcase> <!-- gerkinCase -->
  <system-out/>
</testsuite> <!-- RestAssured_FSTTest.RestAssuredFST1.AppTest -->
